{"numTotalTestSuites":6,"numPassedTestSuites":3,"numFailedTestSuites":3,"numPendingTestSuites":0,"numTotalTests":18,"numPassedTests":16,"numFailedTests":2,"numPendingTests":0,"numTodoTests":0,"snapshot":{"added":0,"failure":false,"filesAdded":0,"filesRemoved":0,"filesRemovedList":[],"filesUnmatched":0,"filesUpdated":0,"matched":0,"total":0,"unchecked":0,"uncheckedKeysByFile":[],"unmatched":0,"updated":0,"didUpdate":false},"startTime":1788758462597,"success":false,"testResults":[{"assertionResults":[{"ancestorTitles":["parseExif fuzz — never throws"],"fullName":"parseExif fuzz — never throws survives 400+ random buffers of assorted sizes","status":"passed","title":"survives 400+ random buffers of assorted sizes","duration":7.848299999999995,"failureMessages":[],"meta":{},"tags":[],"benchmarks":[]},{"ancestorTitles":["parseExif fuzz — never throws"],"fullName":"parseExif fuzz — never throws survives truncated and lying JPEG structure","status":"passed","title":"survives truncated and lying JPEG structure","duration":1.2870000000000061,"failureMessages":[],"meta":{},"tags":[],"benchmarks":[]},{"ancestorTitles":["parseExif fuzz — never throws"],"fullName":"parseExif fuzz — never throws parses a valid minimal structure without throwing","status":"passed","title":"parses a valid minimal structure without throwing","duration":0.7195999999999856,"failureMessages":[],"meta":{},"tags":[],"benchmarks":[]},{"ancestorTitles":["parseExif adversarial offsets — bounded reads only"],"fullName":"parseExif adversarial offsets — bounded reads only Make entry at offset 0x7fffffff does not throw","status":"passed","title":"Make entry at offset 0x7fffffff does not throw","duration":0.30689999999998463,"failureMessages":[],"meta":{},"tags":[],"benchmarks":[]},{"ancestorTitles":["parseExif adversarial offsets — bounded reads only"],"fullName":"parseExif adversarial offsets — bounded reads only Make entry at offset 0x10000000 does not throw","status":"passed","title":"Make entry at offset 0x10000000 does not throw","duration":0.23479999999997858,"failureMessages":[],"meta":{},"tags":[],"benchmarks":[]},{"ancestorTitles":["parseExif adversarial offsets — bounded reads only"],"fullName":"parseExif adversarial offsets — bounded reads only Make entry at offset 0xfffffff0 does not throw","status":"passed","title":"Make entry at offset 0xfffffff0 does not throw","duration":0.3288000000000011,"failureMessages":[],"meta":{},"tags":[],"benchmarks":[]},{"ancestorTitles":["parseExif adversarial offsets — bounded reads only"],"fullName":"parseExif adversarial offsets — bounded reads only Make entry at offset 0xffff does not throw","status":"passed","title":"Make entry at offset 0xffff does not throw","duration":0.28700000000000614,"failureMessages":[],"meta":{},"tags":[],"benchmarks":[]},{"ancestorTitles":["parseExif adversarial offsets — bounded reads only"],"fullName":"parseExif adversarial offsets — bounded reads only Make entry at offset 0x1000 does not throw","status":"passed","title":"Make entry at offset 0x1000 does not throw","duration":0.1852000000000089,"failureMessages":[],"meta":{},"tags":[],"benchmarks":[]},{"ancestorTitles":["parseExif adversarial offsets — bounded reads only"],"fullName":"parseExif adversarial offsets — bounded reads only Make entry at offset 0xffffffff does not throw","status":"passed","title":"Make entry at offset 0xffffffff does not throw","duration":0.19810000000001082,"failureMessages":[],"meta":{},"tags":[],"benchmarks":[]},{"ancestorTitles":["parseExif adversarial offsets — bounded reads only"],"fullName":"parseExif adversarial offsets — bounded reads only count that exceeds the buffer does not throw","status":"passed","title":"count that exceeds the buffer does not throw","duration":0.33549999999999613,"failureMessages":[],"meta":{},"tags":[],"benchmarks":[]},{"ancestorTitles":["parseExif adversarial offsets — bounded reads only"],"fullName":"parseExif adversarial offsets — bounded reads only next-IFD pointer beyond buffer does not throw","status":"passed","title":"next-IFD pointer beyond buffer does not throw","duration":0.22270000000000323,"failureMessages":[],"meta":{},"tags":[],"benchmarks":[]},{"ancestorTitles":["stripExif invariants"],"fullName":"stripExif invariants never yields a Blob whose first two bytes are not a JPEG SOI","status":"passed","title":"never yields a Blob whose first two bytes are not a JPEG SOI","duration":2.98599999999999,"failureMessages":[],"meta":{},"tags":[],"benchmarks":[]},{"ancestorTitles":["stripExif invariants"],"fullName":"stripExif invariants idempotent: stripping twice ≙ stripping once","status":"passed","title":"idempotent: stripping twice ≙ stripping once","duration":0.18070000000000164,"failureMessages":[],"meta":{},"tags":[],"benchmarks":[]},{"ancestorTitles":["stripExif invariants"],"fullName":"stripExif invariants strips APP1 Exif and keeps the rest of the file","status":"failed","title":"strips APP1 Exif and keeps the rest of the file","duration":7.881900000000002,"failureMessages":["AssertionError: expected 216 to be 217 // Object.is equality\n    at D:/FreeBuff/GoalDigger/tools/src/lib/exif-fuzz.test.ts:154:31\n    at processTicksAndRejections (node:internal/process/task_queues:104:5)\n    at file:///D:/FreeBuff/GoalDigger/tools/node_modules/vitest/dist/chunks/run.CQOUYP-x.js:2783:20"],"meta":{},"tags":[],"benchmarks":[]},{"ancestorTitles":["extraChannels detection"],"fullName":"extraChannels detection finds XMP, IPTC and COM in a JPEG (the channels the old stripper missed)","status":"passed","title":"finds XMP, IPTC and COM in a JPEG (the channels the old stripper missed)","duration":0.45349999999999113,"failureMessages":[],"meta":{},"tags":[],"benchmarks":[]},{"ancestorTitles":["extraChannels detection"],"fullName":"extraChannels detection finds tEXt and eXIf chunks in a PNG","status":"passed","title":"finds tEXt and eXIf chunks in a PNG","duration":0.24500000000000455,"failureMessages":[],"meta":{},"tags":[],"benchmarks":[]},{"ancestorTitles":["extraChannels detection"],"fullName":"extraChannels detection finds EXIF/XMP chunks in WebP","status":"passed","title":"finds EXIF/XMP chunks in WebP","duration":0.22589999999999577,"failureMessages":[],"meta":{},"tags":[],"benchmarks":[]},{"ancestorTitles":["stripExif removes the extra channels"],"fullName":"stripExif removes the extra channels JPEG: strips Exif + XMP + IPTC + COM, keeps JFIF APP0","status":"failed","title":"JPEG: strips Exif + XMP + IPTC + COM, keeps JFIF APP0","duration":1.9479000000000042,"failureMessages":["AssertionError: expected '\\u0000\\u0010JF' to be 'JFIF' // Object.is equality\n    at D:/FreeBuff/GoalDigger/tools/src/lib/exif-fuzz.test.ts:238:32\n    at processTicksAndRejections (node:internal/process/task_queues:104:5)\n    at file:///D:/FreeBuff/GoalDigger/tools/node_modules/vitest/dist/chunks/run.CQOUYP-x.js:2783:20"],"meta":{},"tags":[],"benchmarks":[]}],"startTime":1788758462793,"endTime":1788758462819.948,"status":"failed","message":"","name":"D:/FreeBuff/GoalDigger/tools/src/lib/exif-fuzz.test.ts"}]}